Arguments: 
  /usr/local/bin/node /usr/local/bin/yarn start

PATH: 
  /usr/local/bin:/usr/bin:/bin:/usr/sbin:/sbin

Yarn version: 
  1.5.1

Node version: 
  9.8.0

Platform: 
  darwin x64

npm manifest: 
  {
    "name": "epoch",
    "version": "2.0.0",
    "license": "MIT",
    "scripts": {
      "ng": "ng",
      "start": "ng serve --aot",
      "build": "ng build --prod",
      "test": "ng test",
      "lint": "ng lint",
      "e2e": "ng e2e",
      "pwa": "ng build --prod && sw-precache --root=dist --config=precache-config.js"
    },
    "private": true,
    "dependencies": {
      "@angular/animations": "6.1.7",
      "@angular/cdk": "^5.0.2",
      "@angular/common": "6.1.7",
      "@angular/compiler": "6.1.7",
      "@angular/core": "6.1.7",
      "@angular/forms": "6.1.7",
      "@angular/http": "6.1.7",
      "@angular/material": "^5.0.2",
      "@angular/platform-browser": "6.1.7",
      "@angular/platform-browser-dynamic": "6.1.7",
      "@angular/platform-server": "6.1.7",
      "@angular/router": "6.1.7",
      "@swimlane/ngx-charts": "^7.0.1",
      "angularfire2": "^5.0.0-rc.4",
      "bulma": "^0.6.1",
      "core-js": "^2.5.1",
      "firebase": "^4.6.2",
      "moment": "^2.20.1",
      "nodemailer": "^4.4.1",
      "reflex-grid": "^2.0.1",
      "rxjs": "^6.3.2",
      "zone.js": "^0.8.26"
    },
    "devDependencies": {
      "@angular/cli": "6.2.1",
      "@angular/compiler-cli": "6.1.7",
      "@angular/language-service": "6.1.7",
      "@types/jasmine": "2.8.2",
      "@types/node": "~8.0.53",
      "codelyzer": "~4.0.1",
      "jasmine-core": "~2.8.0",
      "jasmine-spec-reporter": "~4.2.1",
      "karma": "~1.7.0",
      "karma-chrome-launcher": "~2.2.0",
      "karma-cli": "~1.0.1",
      "karma-coverage-istanbul-reporter": "^1.3.0",
      "karma-jasmine": "~1.1.0",
      "karma-jasmine-html-reporter": "^0.2.2",
      "protractor": "~5.2.0",
      "sw-precache": "^5.2.0",
      "sw-precache-webpack-plugin": "^0.11.4",
      "ts-node": "~3.3.0",
      "tslint": "^5.8.0",
      "typescript": "2.9.2"
    }
  }

yarn manifest: 
  No manifest

Lockfile: 
  No lockfile

Trace: 
  Error: Command failed.
  Exit code: 1
  Command: sh
  Arguments: -c ng serve --aot
  Directory: /Users/josephnwachukwu/Desktop/repos/epochtimetracking.com
  Output:
  
      at ProcessTermError.MessageError (/usr/local/lib/node_modules/yarn/lib/cli.js:186:110)
      at new ProcessTermError (/usr/local/lib/node_modules/yarn/lib/cli.js:226:113)
      at ChildProcess.<anonymous> (/usr/local/lib/node_modules/yarn/lib/cli.js:30281:17)
      at ChildProcess.emit (events.js:180:13)
      at maybeClose (internal/child_process.js:936:16)
      at Process.ChildProcess._handle.onexit (internal/child_process.js:220:5)
